{"ts":1710669223941,"action":"IDE_DEACTIVATED"}
{"ts":1710669223925,"action":"PROJECT_OPENED","tags":{"PROJECT_NAME":"Bias-demonstration"}}
{"ts":1710669223990,"action":"IDE_ACTIVATED"}
{"ts":1710669264246,"action":"IDE_DEACTIVATED"}
{"ts":1710669264257,"action":"IDE_ACTIVATED"}
{"ts":1710669289269,"action":"IDE_DEACTIVATED"}
{"ts":1710669289286,"action":"IDE_ACTIVATED"}
{"ts":1710669289724,"action":"IDE_DEACTIVATED"}
{"ts":1710669289735,"action":"IDE_ACTIVATED"}
{"ts":1710669292846,"action":"IDE_DEACTIVATED"}
{"ts":1710669292849,"action":"IDE_ACTIVATED"}
{"ts":1710669295599,"action":"FILE_CLOSED","file":"/general/analysis/results/original/prognosed_data/average_values/gender_pay_gap.txt","tags":{"FILE_LINE_OF_CODE":"245"}}
{"ts":1710669295608,"action":"FILE_OPENED","file":"/analysis.py","tags":{"FILE_LINE_OF_CODE":"83"}}
{"ts":1710669297686,"action":"FILE_CLOSED","file":"/analysis.py","tags":{"FILE_LINE_OF_CODE":"83"}}
{"ts":1710669297697,"action":"FILE_OPENED","file":"/preparation.py","tags":{"FILE_LINE_OF_CODE":"31"}}
{"ts":1710669300583,"action":"FILE_CLOSED","file":"/preparation.py","tags":{"FILE_LINE_OF_CODE":"31"}}
{"ts":1710669300589,"action":"FILE_OPENED","file":"/models/adjusted/prognosis/src/model_training.py","tags":{"FILE_LINE_OF_CODE":"86"}}
{"ts":1710669301326,"action":"FILE_CLOSED","file":"/models/adjusted/prognosis/src/model_training.py","tags":{"FILE_LINE_OF_CODE":"86"}}
{"ts":1710669301344,"action":"FILE_OPENED","file":"/models/adjusted/data_preparation/src/training_data_adjustment.py","tags":{"FILE_LINE_OF_CODE":"125"}}
{"ts":1710669310245,"action":"FILE_CLOSED","file":"/models/adjusted/data_preparation/src/training_data_adjustment.py","tags":{"FILE_LINE_OF_CODE":"125"}}
{"ts":1710669310245,"action":"FILE_OPENED","file":"/model-adjusted.py","tags":{"FILE_LINE_OF_CODE":"58"}}
{"ts":1710669316617,"action":"FILE_CLOSED","file":"/model-adjusted.py","tags":{"FILE_LINE_OF_CODE":"58"}}
{"ts":1710669316617,"action":"FILE_OPENED","file":"/models/adjusted/prognosis/model/training_metrics.txt","tags":{"FILE_LINE_OF_CODE":"5"}}
{"ts":1710669320709,"action":"FILE_CLOSED","file":"/models/adjusted/prognosis/model/training_metrics.txt","tags":{"FILE_LINE_OF_CODE":"5"}}
{"ts":1710669320709,"action":"FILE_OPENED","file":"/models/adjusted/prognosis/src/model_training.py","tags":{"FILE_LINE_OF_CODE":"86"}}
{"ts":1710669323758,"action":"IDE_DEACTIVATED"}
{"ts":1710669344306,"action":"IDE_ACTIVATED"}
{"ts":1710669351960,"action":"FILE_CLOSED","file":"/models/adjusted/prognosis/src/model_training.py","tags":{"FILE_LINE_OF_CODE":"86"}}
{"ts":1710669351960,"action":"FILE_OPENED","file":"/models/adjusted/prognosis/src/automated_prognosis.py","tags":{"FILE_LINE_OF_CODE":"46"}}
{"ts":1710669353380,"action":"IDE_DEACTIVATED"}
{"ts":1710669358754,"action":"IDE_ACTIVATED"}
{"ts":1710669360175,"action":"IDE_DEACTIVATED"}
{"ts":1710669374556,"action":"IDE_ACTIVATED"}
{"ts":1710669374603,"action":"FILE_CLOSED","file":"/models/adjusted/prognosis/src/automated_prognosis.py","tags":{"FILE_LINE_OF_CODE":"46"}}
{"ts":1710669374603,"action":"FILE_OPENED","file":"/models/adjusted/prognosis/src/model_training.py","tags":{"FILE_LINE_OF_CODE":"86"}}
{"ts":1710669397246,"action":"IDE_DEACTIVATED"}
{"ts":1710669496348,"action":"IDE_ACTIVATED"}
{"ts":1710669574143,"action":"IDE_DEACTIVATED"}
{"ts":1710669619905,"action":"IDE_ACTIVATED"}
{"ts":1710669666960,"action":"IDE_DEACTIVATED"}
{"ts":1710669785529,"action":"IDE_ACTIVATED"}
{"ts":1710669814621,"action":"IDE_DEACTIVATED"}
{"ts":1710670020184,"action":"IDE_ACTIVATED"}
{"ts":1710670020460,"action":"FILE_CLOSED","file":"/models/adjusted/prognosis/src/model_training.py","tags":{"FILE_LINE_OF_CODE":"103"}}
{"ts":1710670020460,"action":"FILE_OPENED","file":"/models/adjusted/prognosis/model/feature_importances.csv","tags":{"FILE_LINE_OF_CODE":"198"}}
{"ts":1710670030664,"action":"FILE_CLOSED","file":"/models/adjusted/prognosis/model/feature_importances.csv","tags":{"FILE_LINE_OF_CODE":"198"}}
{"ts":1710670030664,"action":"FILE_OPENED","file":"/models/adjusted/prognosis/src/model_evaluation.py","tags":{"FILE_LINE_OF_CODE":"55"}}
{"ts":1710670031746,"action":"FILE_CLOSED","file":"/models/adjusted/prognosis/src/model_evaluation.py","tags":{"FILE_LINE_OF_CODE":"55"}}
{"ts":1710670031746,"action":"FILE_OPENED","file":"/models/adjusted/prognosis/src/model_training.py","tags":{"FILE_LINE_OF_CODE":"103"}}
{"ts":1710670035830,"action":"IDE_DEACTIVATED"}
{"ts":1710670061551,"action":"IDE_ACTIVATED"}
{"ts":1710670062484,"action":"FILE_CLOSED","file":"/models/adjusted/prognosis/src/model_training.py","tags":{"FILE_LINE_OF_CODE":"103"}}
{"ts":1710670062484,"action":"FILE_OPENED","file":"/models/adjusted/prognosis/model/training_metrics.txt","tags":{"FILE_LINE_OF_CODE":"5"}}
{"ts":1710670064234,"action":"FILE_CLOSED","file":"/models/adjusted/prognosis/model/training_metrics.txt","tags":{"FILE_LINE_OF_CODE":"5"}}
{"ts":1710670064234,"action":"FILE_OPENED","file":"/models/adjusted/prognosis/model/feature_importances.csv","tags":{"FILE_LINE_OF_CODE":"198"}}
{"ts":1710670069442,"action":"FILE_CLOSED","file":"/models/adjusted/prognosis/model/feature_importances.csv","tags":{"FILE_LINE_OF_CODE":"198"}}
{"ts":1710670069442,"action":"FILE_OPENED","file":"/models/adjusted/prognosis/src/model_training.py","tags":{"FILE_LINE_OF_CODE":"103"}}
{"ts":1710670071033,"action":"IDE_DEACTIVATED"}
{"ts":1710670073995,"action":"IDE_ACTIVATED"}
{"ts":1710670075906,"action":"IDE_DEACTIVATED"}
{"ts":1710670077954,"action":"IDE_ACTIVATED"}
{"ts":1710670078082,"action":"IDE_DEACTIVATED"}
{"ts":1710670129185,"action":"IDE_ACTIVATED"}
{"ts":1710670145525,"action":"IDE_DEACTIVATED"}
{"ts":1710670225317,"action":"IDE_ACTIVATED"}
{"ts":1710670227357,"action":"IDE_DEACTIVATED"}
{"ts":1710670227896,"action":"IDE_ACTIVATED"}
{"ts":1710670243008,"action":"FILE_CLOSED","file":"/models/adjusted/prognosis/src/model_training.py","tags":{"FILE_LINE_OF_CODE":"109"}}
{"ts":1710670243008,"action":"FILE_OPENED","file":"/models/adjusted/prognosis/model/feature_importances.csv","tags":{"FILE_LINE_OF_CODE":"198"}}
{"ts":1710670258352,"action":"FILE_CLOSED","file":"/models/adjusted/prognosis/model/feature_importances.csv","tags":{"FILE_LINE_OF_CODE":"198"}}
{"ts":1710670258352,"action":"FILE_OPENED","file":"/models/adjusted/prognosis/src/model_training.py","tags":{"FILE_LINE_OF_CODE":"109"}}
{"ts":1710670258943,"action":"FILE_CLOSED","file":"/models/adjusted/prognosis/src/model_training.py","tags":{"FILE_LINE_OF_CODE":"109"}}
{"ts":1710670258943,"action":"FILE_OPENED","file":"/models/adjusted/prognosis/model/training_metrics.txt","tags":{"FILE_LINE_OF_CODE":"5"}}
{"ts":1710670259422,"action":"FILE_CLOSED","file":"/models/adjusted/prognosis/model/training_metrics.txt","tags":{"FILE_LINE_OF_CODE":"5"}}
{"ts":1710670259422,"action":"FILE_OPENED","file":"/model-adjusted.py","tags":{"FILE_LINE_OF_CODE":"58"}}
{"ts":1710670262966,"action":"IDE_DEACTIVATED"}
{"ts":1710670374923,"action":"IDE_ACTIVATED"}
{"ts":1710670375801,"action":"IDE_DEACTIVATED"}
{"ts":1710670381394,"action":"IDE_ACTIVATED"}
{"ts":1710670415468,"action":"FILE_CLOSED","file":"/model-adjusted.py","tags":{"FILE_LINE_OF_CODE":"58"}}
{"ts":1710670415468,"action":"FILE_OPENED","file":"/preparation.py","tags":{"FILE_LINE_OF_CODE":"31"}}
{"ts":1710670421583,"action":"FILE_CLOSED","file":"/preparation.py","tags":{"FILE_LINE_OF_CODE":"31"}}
{"ts":1710670421583,"action":"FILE_OPENED","file":"/original-model.py","tags":{"FILE_LINE_OF_CODE":"59"}}
{"ts":1710670423640,"action":"FILE_CLOSED","file":"/original-model.py","tags":{"FILE_LINE_OF_CODE":"59"}}
{"ts":1710670423640,"action":"FILE_OPENED","file":"/model-no-gender.py","tags":{"FILE_LINE_OF_CODE":"58"}}
{"ts":1710670425643,"action":"FILE_CLOSED","file":"/model-no-gender.py","tags":{"FILE_LINE_OF_CODE":"58"}}
{"ts":1710670425643,"action":"FILE_OPENED","file":"/model-adjusted.py","tags":{"FILE_LINE_OF_CODE":"58"}}
{"ts":1710670427218,"action":"FILE_CLOSED","file":"/model-adjusted.py","tags":{"FILE_LINE_OF_CODE":"58"}}
{"ts":1710670427218,"action":"FILE_OPENED","file":"/analysis.py","tags":{"FILE_LINE_OF_CODE":"83"}}
{"ts":1710670434745,"action":"FILE_CLOSED","file":"/analysis.py","tags":{"FILE_LINE_OF_CODE":"83"}}
{"ts":1710670434745,"action":"FILE_OPENED","file":"/models/original/log_original_model.txt","tags":{"FILE_LINE_OF_CODE":"179"}}
{"ts":1710670435338,"action":"FILE_CLOSED","file":"/models/original/log_original_model.txt","tags":{"FILE_LINE_OF_CODE":"179"}}
{"ts":1710670435338,"action":"FILE_OPENED","file":"/models/original/prognosis/src/model_training.py","tags":{"FILE_LINE_OF_CODE":"87"}}
{"ts":1710670450272,"action":"FILE_CLOSED","file":"/models/original/prognosis/src/model_training.py","tags":{"FILE_LINE_OF_CODE":"86"}}
{"ts":1710670450272,"action":"FILE_OPENED","file":"/models/original/prognosis/src/model_evaluation.py","tags":{"FILE_LINE_OF_CODE":"55"}}
{"ts":1710670525092,"action":"FILE_CLOSED","file":"/models/original/prognosis/src/model_evaluation.py","tags":{"FILE_LINE_OF_CODE":"35"}}
{"ts":1710670525092,"action":"FILE_OPENED","file":"/models/original/prognosis/src/interactive_prognosis.py","tags":{"FILE_LINE_OF_CODE":"50"}}
{"ts":1710670561895,"action":"FILE_CLOSED","file":"/models/original/prognosis/src/interactive_prognosis.py","tags":{"FILE_LINE_OF_CODE":"37"}}
{"ts":1710670561895,"action":"FILE_OPENED","file":"/models/original/prognosis/src/automated_prognosis.py","tags":{"FILE_LINE_OF_CODE":"46"}}
{"ts":1710670595283,"action":"FILE_CLOSED","file":"/models/original/prognosis/src/automated_prognosis.py","tags":{"FILE_LINE_OF_CODE":"31"}}
{"ts":1710670595283,"action":"FILE_OPENED","file":"/models/original/data_preparation/src/training_data_preparation.py","tags":{"FILE_LINE_OF_CODE":"60"}}
{"ts":1710670643672,"action":"FILE_CLOSED","file":"/models/original/data_preparation/src/training_data_preparation.py","tags":{"FILE_LINE_OF_CODE":"50"}}
{"ts":1710670643672,"action":"FILE_OPENED","file":"/models/no_gender/prognosis/src/model_training.py","tags":{"FILE_LINE_OF_CODE":"107"}}
{"ts":1710670679011,"action":"FILE_CLOSED","file":"/models/no_gender/prognosis/src/model_training.py","tags":{"FILE_LINE_OF_CODE":"86"}}
{"ts":1710670679011,"action":"FILE_OPENED","file":"/models/no_gender/prognosis/src/model_evaluation.py","tags":{"FILE_LINE_OF_CODE":"47"}}
{"ts":1710670702152,"action":"FILE_CLOSED","file":"/models/no_gender/prognosis/src/model_evaluation.py","tags":{"FILE_LINE_OF_CODE":"36"}}
{"ts":1710670702152,"action":"FILE_OPENED","file":"/models/no_gender/prognosis/src/interactive_prognosis.py","tags":{"FILE_LINE_OF_CODE":"47"}}
{"ts":1710670722041,"action":"FILE_CLOSED","file":"/models/no_gender/prognosis/src/interactive_prognosis.py","tags":{"FILE_LINE_OF_CODE":"31"}}
{"ts":1710670722041,"action":"FILE_OPENED","file":"/models/no_gender/prognosis/src/automated_prognosis.py","tags":{"FILE_LINE_OF_CODE":"48"}}
{"ts":1710670751602,"action":"FILE_CLOSED","file":"/models/no_gender/prognosis/src/automated_prognosis.py","tags":{"FILE_LINE_OF_CODE":"33"}}
{"ts":1710670751602,"action":"FILE_OPENED","file":"/models/no_gender/data_preparation/src/ethical_training_data_preparation.py","tags":{"FILE_LINE_OF_CODE":"62"}}
{"ts":1710670785458,"action":"FILE_CLOSED","file":"/models/no_gender/data_preparation/src/ethical_training_data_preparation.py","tags":{"FILE_LINE_OF_CODE":"45"}}
{"ts":1710670785458,"action":"FILE_OPENED","file":"/models/adjusted/prognosis/src/model_training.py","tags":{"FILE_LINE_OF_CODE":"109"}}
{"ts":1710670801183,"action":"FILE_CLOSED","file":"/models/adjusted/prognosis/src/model_training.py","tags":{"FILE_LINE_OF_CODE":"110"}}
{"ts":1710670801184,"action":"FILE_OPENED","file":"/models/adjusted/prognosis/src/model_evaluation.py","tags":{"FILE_LINE_OF_CODE":"55"}}
{"ts":1710670830459,"action":"FILE_CLOSED","file":"/models/adjusted/prognosis/src/model_evaluation.py","tags":{"FILE_LINE_OF_CODE":"55"}}
{"ts":1710670830459,"action":"FILE_OPENED","file":"/models/adjusted/prognosis/src/interactive_prognosis.py","tags":{"FILE_LINE_OF_CODE":"50"}}
{"ts":1710670849497,"action":"FILE_CLOSED","file":"/models/adjusted/prognosis/src/interactive_prognosis.py","tags":{"FILE_LINE_OF_CODE":"50"}}
{"ts":1710670849497,"action":"FILE_OPENED","file":"/models/adjusted/prognosis/src/automated_prognosis.py","tags":{"FILE_LINE_OF_CODE":"46"}}
{"ts":1710670855436,"action":"FILE_CLOSED","file":"/models/adjusted/prognosis/src/automated_prognosis.py","tags":{"FILE_LINE_OF_CODE":"46"}}
{"ts":1710670855436,"action":"FILE_OPENED","file":"/models/adjusted/prognosis/model/feature_importances.csv","tags":{"FILE_LINE_OF_CODE":"198"}}
{"ts":1710670885303,"action":"FILE_CLOSED","file":"/models/adjusted/prognosis/model/feature_importances.csv","tags":{"FILE_LINE_OF_CODE":"198"}}
{"ts":1710670885303,"action":"FILE_OPENED","file":"/models/adjusted/prognosis/src/model_training.py","tags":{"FILE_LINE_OF_CODE":"110"}}
{"ts":1710670898573,"action":"FILE_CLOSED","file":"/models/adjusted/prognosis/src/model_training.py","tags":{"FILE_LINE_OF_CODE":"111"}}
{"ts":1710670898573,"action":"FILE_OPENED","file":"/models/adjusted/prognosis/src/automated_prognosis.py","tags":{"FILE_LINE_OF_CODE":"46"}}
{"ts":1710670905718,"action":"FILE_CLOSED","file":"/models/adjusted/prognosis/src/automated_prognosis.py","tags":{"FILE_LINE_OF_CODE":"46"}}
{"ts":1710670905718,"action":"FILE_OPENED","file":"/models/adjusted/data_preparation/src/training_data_adjustment.py","tags":{"FILE_LINE_OF_CODE":"125"}}
{"ts":1710670917070,"action":"FILE_CLOSED","file":"/models/adjusted/data_preparation/src/training_data_adjustment.py","tags":{"FILE_LINE_OF_CODE":"125"}}
{"ts":1710670917070,"action":"FILE_OPENED","file":"/general/datasets/src/training_data_preparation.py","tags":{"FILE_LINE_OF_CODE":"53"}}
{"ts":1710670951598,"action":"FILE_CLOSED","file":"/general/datasets/src/training_data_preparation.py","tags":{"FILE_LINE_OF_CODE":"44"}}
{"ts":1710670951598,"action":"FILE_OPENED","file":"/general/datasets/src/test_data_generation.py","tags":{"FILE_LINE_OF_CODE":"104"}}
{"ts":1710670986789,"action":"FILE_CLOSED","file":"/general/datasets/src/test_data_generation.py","tags":{"FILE_LINE_OF_CODE":"90"}}
{"ts":1710670986789,"action":"FILE_OPENED","file":"/general/analysis/src/top_paid_jobs.py","tags":{"FILE_LINE_OF_CODE":"79"}}
{"ts":1710671021378,"action":"FILE_CLOSED","file":"/general/analysis/src/top_paid_jobs.py","tags":{"FILE_LINE_OF_CODE":"60"}}
{"ts":1710671021378,"action":"FILE_OPENED","file":"/general/analysis/src/salary_distribution.py","tags":{"FILE_LINE_OF_CODE":"75"}}
{"ts":1710671058166,"action":"FILE_CLOSED","file":"/general/analysis/src/salary_distribution.py","tags":{"FILE_LINE_OF_CODE":"56"}}
{"ts":1710671058166,"action":"FILE_OPENED","file":"/general/analysis/src/lowest_paying_jobs.py","tags":{"FILE_LINE_OF_CODE":"63"}}
{"ts":1710671063216,"action":"FILE_CLOSED","file":"/general/analysis/src/lowest_paying_jobs.py","tags":{"FILE_LINE_OF_CODE":"62"}}
{"ts":1710671063216,"action":"FILE_OPENED","file":"/general/analysis/src/salary_distribution.py","tags":{"FILE_LINE_OF_CODE":"56"}}
{"ts":1710671063693,"action":"FILE_CLOSED","file":"/general/analysis/src/salary_distribution.py","tags":{"FILE_LINE_OF_CODE":"56"}}
{"ts":1710671063693,"action":"FILE_OPENED","file":"/general/analysis/src/top_paid_jobs.py","tags":{"FILE_LINE_OF_CODE":"60"}}
{"ts":1710671072974,"action":"FILE_CLOSED","file":"/general/analysis/src/top_paid_jobs.py","tags":{"FILE_LINE_OF_CODE":"60"}}
{"ts":1710671072974,"action":"FILE_OPENED","file":"/general/analysis/src/salary_distribution.py","tags":{"FILE_LINE_OF_CODE":"56"}}
{"ts":1710671080325,"action":"FILE_CLOSED","file":"/general/analysis/src/salary_distribution.py","tags":{"FILE_LINE_OF_CODE":"56"}}
{"ts":1710671080325,"action":"FILE_OPENED","file":"/general/analysis/src/lowest_paying_jobs.py","tags":{"FILE_LINE_OF_CODE":"62"}}
{"ts":1710671120446,"action":"FILE_CLOSED","file":"/general/analysis/src/lowest_paying_jobs.py","tags":{"FILE_LINE_OF_CODE":"41"}}
{"ts":1710671120446,"action":"FILE_OPENED","file":"/general/analysis/src/heatmaps.py","tags":{"FILE_LINE_OF_CODE":"70"}}
{"ts":1710671165065,"action":"FILE_CLOSED","file":"/general/analysis/src/heatmaps.py","tags":{"FILE_LINE_OF_CODE":"50"}}
{"ts":1710671165065,"action":"FILE_OPENED","file":"/general/analysis/src/frequency_distribution_gender.py","tags":{"FILE_LINE_OF_CODE":"82"}}
{"ts":1710671218738,"action":"FILE_CLOSED","file":"/general/analysis/src/frequency_distribution_gender.py","tags":{"FILE_LINE_OF_CODE":"63"}}
{"ts":1710671218738,"action":"FILE_OPENED","file":"/general/analysis/src/frequency_distribution.py","tags":{"FILE_LINE_OF_CODE":"121"}}
{"ts":1710671289509,"action":"FILE_CLOSED","file":"/general/analysis/src/frequency_distribution.py","tags":{"FILE_LINE_OF_CODE":"100"}}
{"ts":1710671289509,"action":"FILE_OPENED","file":"/general/analysis/src/average_values.py","tags":{"FILE_LINE_OF_CODE":"155"}}
